# JRE version: OpenJDK Runtime Environment Homebrew (17.0.18) (build 17.0.18+0)
# Java VM: OpenJDK 64-Bit Server VM Homebrew (17.0.18+0, mixed mode, sharing, tiered, compressed oops, compressed class ptrs, g1 gc, bsd-aarch64)
GC Precious Log:
 CPUs: 12 total, 12 available
 Memory: 24576M
 Large Page Support: Disabled
 NUMA Support: Disabled
 Compressed Oops: Enabled (Zero based)
 Heap Region Size: 1M
 Heap Min Capacity: 8M
 Heap Initial Capacity: 384M
 Heap Max Capacity: 1G
 Pre-touch: Disabled
 Parallel Workers: 10
 Concurrent Workers: 3
 Concurrent Refinement Workers: 10
 Periodic GC: Disabled
Heap:
 garbage-first heap   total 325632K, used 106223K [0x00000007c0000000, 0x0000000800000000)
  region size 1024K, 41 young (41984K), 24 survivors (24576K)
 Metaspace       used 9747K, committed 9984K, reserved 1114112K
  class space    used 1496K, committed 1600K, reserved 1048576K
GC Heap History (20 events):
Event: 0.419 GC heap before
{Heap before GC invocations=10 (full 2):
 garbage-first heap   total 34816K, used 21752K [0x00000007c0000000, 0x0000000800000000)
  region size 1024K, 6 young (6144K), 2 survivors (2048K)
 Metaspace       used 7490K, committed 7680K, reserved 1114112K
  class space    used 1094K, committed 1216K, reserved 1048576K
}
Event: 0.422 GC heap after
{Heap after GC invocations=11 (full 2):
 garbage-first heap   total 34816K, used 18756K [0x00000007c0000000, 0x0000000800000000)
  region size 1024K, 1 young (1024K), 1 survivors (1024K)
 Metaspace       used 7490K, committed 7680K, reserved 1114112K
  class space    used 1094K, committed 1216K, reserved 1048576K
}
Event: 0.422 GC heap before
{Heap before GC invocations=11 (full 2):
 garbage-first heap   total 34816K, used 18756K [0x00000007c0000000, 0x0000000800000000)
  region size 1024K, 2 young (2048K), 1 survivors (1024K)
 Metaspace       used 7493K, committed 7680K, reserved 1114112K
  class space    used 1094K, committed 1216K, reserved 1048576K
}
Event: 0.430 GC heap after
{Heap after GC invocations=12 (full 3):
 garbage-first heap   total 34816K, used 15992K [0x00000007c0000000, 0x0000000800000000)
  region size 1024K, 0 young (0K), 0 survivors (0K)
 Metaspace       used 7493K, committed 7680K, reserved 1114112K
  class space    used 1094K, committed 1216K, reserved 1048576K
}
Event: 0.443 GC heap before
{Heap before GC invocations=12 (full 3):
 garbage-first heap   total 34816K, used 23160K [0x00000007c0000000, 0x0000000800000000)
  region size 1024K, 7 young (7168K), 0 survivors (0K)
 Metaspace       used 7565K, committed 7744K, reserved 1114112K
  class space    used 1113K, committed 1216K, reserved 1048576K
}
Event: 0.445 GC heap after
{Heap after GC invocations=13 (full 3):
 garbage-first heap   total 34816K, used 17813K [0x00000007c0000000, 0x0000000800000000)
  region size 1024K, 1 young (1024K), 1 survivors (1024K)
 Metaspace       used 7565K, committed 7744K, reserved 1114112K
  class space    used 1113K, committed 1216K, reserved 1048576K
}
Event: 0.466 GC heap before
{Heap before GC invocations=14 (full 3):
 garbage-first heap   total 34816K, used 23957K [0x00000007c0000000, 0x0000000800000000)
  region size 1024K, 7 young (7168K), 1 survivors (1024K)
 Metaspace       used 7698K, committed 7936K, reserved 1114112K
  class space    used 1163K, committed 1280K, reserved 1048576K
}
Event: 0.468 GC heap after
{Heap after GC invocations=15 (full 3):
 garbage-first heap   total 214016K, used 18551K [0x00000007c0000000, 0x0000000800000000)
  region size 1024K, 1 young (1024K), 1 survivors (1024K)
 Metaspace       used 7698K, committed 7936K, reserved 1114112K
  class space    used 1163K, committed 1280K, reserved 1048576K
}
Event: 0.476 GC heap before
{Heap before GC invocations=15 (full 3):
 garbage-first heap   total 214016K, used 27767K [0x00000007c0000000, 0x0000000800000000)
  region size 1024K, 10 young (10240K), 1 survivors (1024K)
 Metaspace       used 7754K, committed 8000K, reserved 1114112K
  class space    used 1163K, committed 1280K, reserved 1048576K
}
Event: 0.477 GC heap after
{Heap after GC invocations=16 (full 3):
 garbage-first heap   total 214016K, used 19391K [0x00000007c0000000, 0x0000000800000000)
  region size 1024K, 2 young (2048K), 2 survivors (2048K)
 Metaspace       used 7754K, committed 8000K, reserved 1114112K
  class space    used 1163K, committed 1280K, reserved 1048576K
}
Event: 0.573 GC heap before
{Heap before GC invocations=16 (full 3):
 garbage-first heap   total 214016K, used 137151K [0x00000007c0000000, 0x0000000800000000)
  region size 1024K, 115 young (117760K), 2 survivors (2048K)
 Metaspace       used 7937K, committed 8192K, reserved 1114112K
  class space    used 1216K, committed 1344K, reserved 1048576K
}
Event: 0.575 GC heap after
{Heap after GC invocations=17 (full 3):
 garbage-first heap   total 214016K, used 26218K [0x00000007c0000000, 0x0000000800000000)
  region size 1024K, 7 young (7168K), 7 survivors (7168K)
 Metaspace       used 7937K, committed 8192K, reserved 1114112K
  class space    used 1216K, committed 1344K, reserved 1048576K
}
Event: 0.703 GC heap before
{Heap before GC invocations=17 (full 3):
 garbage-first heap   total 214016K, used 158314K [0x00000007c0000000, 0x0000000800000000)
  region size 1024K, 125 young (128000K), 7 survivors (7168K)
 Metaspace       used 8823K, committed 9024K, reserved 1114112K
  class space    used 1369K, committed 1472K, reserved 1048576K
}
Event: 0.707 GC heap after
{Heap after GC invocations=18 (full 3):
 garbage-first heap   total 214016K, used 46845K [0x00000007c0000000, 0x0000000800000000)
  region size 1024K, 15 young (15360K), 15 survivors (15360K)
 Metaspace       used 8823K, committed 9024K, reserved 1114112K
  class space    used 1369K, committed 1472K, reserved 1048576K
}
Event: 0.796 GC heap before
{Heap before GC invocations=18 (full 3):
 garbage-first heap   total 214016K, used 160509K [0x00000007c0000000, 0x0000000800000000)
  region size 1024K, 125 young (128000K), 15 survivors (15360K)
 Metaspace       used 9398K, committed 9600K, reserved 1114112K
  class space    used 1430K, committed 1536K, reserved 1048576K
}
Event: 0.806 GC heap after
{Heap after GC invocations=19 (full 3):
 garbage-first heap   total 214016K, used 62562K [0x00000007c0000000, 0x0000000800000000)
  region size 1024K, 15 young (15360K), 15 survivors (15360K)
 Metaspace       used 9398K, committed 9600K, reserved 1114112K
  class space    used 1430K, committed 1536K, reserved 1048576K
}
Event: 0.859 GC heap before
{Heap before GC invocations=19 (full 3):
 garbage-first heap   total 214016K, used 159842K [0x00000007c0000000, 0x0000000800000000)
  region size 1024K, 110 young (112640K), 15 survivors (15360K)
 Metaspace       used 9484K, committed 9728K, reserved 1114112K
  class space    used 1466K, committed 1600K, reserved 1048576K
}
Event: 0.865 GC heap after
{Heap after GC invocations=20 (full 3):
 garbage-first heap   total 325632K, used 70487K [0x00000007c0000000, 0x0000000800000000)
  region size 1024K, 11 young (11264K), 11 survivors (11264K)
 Metaspace       used 9484K, committed 9728K, reserved 1114112K
  class space    used 1466K, committed 1600K, reserved 1048576K
}
Event: 0.966 GC heap before
{Heap before GC invocations=20 (full 3):
 garbage-first heap   total 325632K, used 250711K [0x00000007c0000000, 0x0000000800000000)
  region size 1024K, 187 young (191488K), 11 survivors (11264K)
 Metaspace       used 9487K, committed 9728K, reserved 1114112K
  class space    used 1466K, committed 1600K, reserved 1048576K
}
Event: 0.973 GC heap after
{Heap after GC invocations=21 (full 3):
 garbage-first heap   total 325632K, used 89839K [0x00000007c0000000, 0x0000000800000000)
  region size 1024K, 24 young (24576K), 24 survivors (24576K)
 Metaspace       used 9487K, committed 9728K, reserved 1114112K
  class space    used 1466K, committed 1600K, reserved 1048576K
}

